<?xml version="1.0" encoding="UTF-8"?>
<testsuite xmlns:xsi="http://www.w3.org/2001/XMLSchema-instance" xsi:noNamespaceSchemaLocation="https://maven.apache.org/surefire/maven-surefire-plugin/xsd/surefire-test-report-3.0.xsd" version="3.0" name="test2.asp.HeavyCompTest" time="111.998" tests="1" errors="0" skipped="0" failures="0">
  <properties>
[...]
</properties>
  <testcase name="stressInsertManyItems" classname="test2.asp.HeavyCompTest" time="111.974">
    <system-out><![CDATA[16:15:42.352 [main] INFO aspectj.j.example.TraceAspect -- TraceAspect initialized
16:15:43.026 [main] INFO aspectj.j.example.TraceAspect -- Executed method: int aspectj.j.example.HeavyComp.insertManyItems(int) with args: [9800] in 669 ms
16:15:43.057 [main] INFO aspectj.j.example.TraceAspect -- Executed method: int aspectj.j.example.HeavyComp.insertManyItems(int) with args: [2717] in 14 ms
16:15:43.076 [main] INFO aspectj.j.example.TraceAspect -- Executed method: int aspectj.j.example.HeavyComp.insertManyItems(int) with args: [3082] in 18 ms
16:15:43.203 [main] INFO aspectj.j.example.TraceAspect -- Executed method: int aspectj.j.example.HeavyComp.insertManyItems(int) with args: [4862] in 127 ms
16:15:43.705 [main] INFO aspectj.j.example.TraceAspect -- Executed method: int aspectj.j.example.HeavyComp.insertManyItems(int) with args: [8791] in 501 ms
16:15:43.739 [main] INFO aspectj.j.example.TraceAspect -- Executed method: int aspectj.j.example.HeavyComp.insertManyItems(int) with args: [2298] in 33 ms
16:15:43.838 [main] INFO aspectj.j.example.TraceAspect -- Executed method: int aspectj.j.example.HeavyComp.insertManyItems(int) with args: [3941] in 99 ms
16:15:43.857 [main] INFO aspectj.j.example.TraceAspect -- Executed method: int aspectj.j.example.HeavyComp.insertManyItems(int) with args: [1698] in 19 ms
16:15:44.175 [main] INFO aspectj.j.example.TraceAspect -- Executed method: int aspectj.j.example.HeavyComp.insertManyItems(int) with args: [7086] in 318 ms
16:15:44.241 [main] INFO aspectj.j.example.TraceAspect -- Executed method: int aspectj.j.example.HeavyComp.insertManyItems(int) with args: [3214] in 65 ms
16:15:44.739 [main] INFO aspectj.j.example.TraceAspect -- Executed method: int aspectj.j.example.HeavyComp.insertManyItems(int) with args: [8875] in 498 ms
16:15:45.366 [main] INFO aspectj.j.example.TraceAspect -- Executed method: int aspectj.j.example.HeavyComp.insertManyItems(int) with args: [9914] in 627 ms
16:15:45.446 [main] INFO aspectj.j.example.TraceAspect -- Executed method: int aspectj.j.example.HeavyComp.insertManyItems(int) with args: [3539] in 80 ms
16:15:45.508 [main] INFO aspectj.j.example.TraceAspect -- Executed method: int aspectj.j.example.HeavyComp.insertManyItems(int) with args: [3085] in 61 ms
16:15:45.999 [main] INFO aspectj.j.example.TraceAspect -- Executed method: int aspectj.j.example.HeavyComp.insertManyItems(int) with args: [8746] in 491 ms
16:15:46.032 [main] INFO aspectj.j.example.TraceAspect -- Executed method: int aspectj.j.example.HeavyComp.insertManyItems(int) with args: [2246] in 32 ms
16:15:46.282 [main] INFO aspectj.j.example.TraceAspect -- Executed method: int aspectj.j.example.HeavyComp.insertManyItems(int) with args: [6264] in 250 ms
16:15:46.853 [main] INFO aspectj.j.example.TraceAspect -- Executed method: int aspectj.j.example.HeavyComp.insertManyItems(int) with args: [9511] in 570 ms
16:15:46.911 [main] INFO aspectj.j.example.TraceAspect -- Executed method: int aspectj.j.example.HeavyComp.insertManyItems(int) with args: [2999] in 58 ms
16:15:46.915 [main] INFO aspectj.j.example.TraceAspect -- Executed method: int aspectj.j.example.HeavyComp.insertManyItems(int) with args: [761] in 4 ms
16:15:47.094 [main] INFO aspectj.j.example.TraceAspect -- Executed method: int aspectj.j.example.HeavyComp.insertManyItems(int) with args: [5281] in 179 ms
16:15:47.694 [main] INFO aspectj.j.example.TraceAspect -- Executed method: int aspectj.j.example.HeavyComp.insertManyItems(int) with args: [9580] in 599 ms
16:15:48.182 [main] INFO aspectj.j.example.TraceAspect -- Executed method: int aspectj.j.example.HeavyComp.insertManyItems(int) with args: [8928] in 487 ms
16:15:48.185 [main] INFO aspectj.j.example.TraceAspect -- Executed method: int aspectj.j.example.HeavyComp.insertManyItems(int) with args: [653] in 3 ms
16:15:48.285 [main] INFO aspectj.j.example.TraceAspect -- Executed method: int aspectj.j.example.HeavyComp.insertManyItems(int) with args: [4032] in 100 ms
16:15:48.301 [main] INFO aspectj.j.example.TraceAspect -- Executed method: int aspectj.j.example.HeavyComp.insertManyItems(int) with args: [1569] in 15 ms
16:15:48.303 [main] INFO aspectj.j.example.TraceAspect -- Executed method: int aspectj.j.example.HeavyComp.insertManyItems(int) with args: [472] in 2 ms
16:15:48.472 [main] INFO aspectj.j.example.TraceAspect -- Executed method: int aspectj.j.example.HeavyComp.insertManyItems(int) with args: [5221] in 169 ms
16:15:48.761 [main] INFO aspectj.j.example.TraceAspect -- Executed method: int aspectj.j.example.HeavyComp.insertManyItems(int) with args: [6846] in 289 ms
16:15:48.871 [main] INFO aspectj.j.example.TraceAspect -- Executed method: int aspectj.j.example.HeavyComp.insertManyItems(int) with args: [4208] in 110 ms
16:15:49.071 [main] INFO aspectj.j.example.TraceAspect -- Executed method: int aspectj.j.example.HeavyComp.insertManyItems(int) with args: [6604] in 200 ms
16:15:49.289 [main] INFO aspectj.j.example.TraceAspect -- Executed method: int aspectj.j.example.HeavyComp.insertManyItems(int) with args: [5925] in 218 ms
16:15:49.416 [main] INFO aspectj.j.example.TraceAspect -- Executed method: int aspectj.j.example.HeavyComp.insertManyItems(int) with args: [4516] in 127 ms
16:15:49.473 [main] INFO aspectj.j.example.TraceAspect -- Executed method: int aspectj.j.example.HeavyComp.insertManyItems(int) with args: [3031] in 57 ms
16:15:49.617 [main] INFO aspectj.j.example.TraceAspect -- Executed method: int aspectj.j.example.HeavyComp.insertManyItems(int) with args: [4810] in 143 ms
16:15:49.898 [main] INFO aspectj.j.example.TraceAspect -- Executed method: int aspectj.j.example.HeavyComp.insertManyItems(int) with args: [6731] in 280 ms
16:15:49.899 [main] INFO aspectj.j.example.TraceAspect -- Executed method: int aspectj.j.example.HeavyComp.insertManyItems(int) with args: [143] in 1 ms
16:15:50.273 [main] INFO aspectj.j.example.TraceAspect -- Executed method: int aspectj.j.example.HeavyComp.insertManyItems(int) with args: [7769] in 374 ms
16:15:50.363 [main] INFO aspectj.j.example.TraceAspect -- Executed method: int aspectj.j.example.HeavyComp.insertManyItems(int) with args: [3804] in 90 ms
16:15:50.450 [main] INFO aspectj.j.example.TraceAspect -- Executed method: int aspectj.j.example.HeavyComp.insertManyItems(int) with args: [3712] in 86 ms
16:15:50.634 [main] INFO aspectj.j.example.TraceAspect -- Executed method: int aspectj.j.example.HeavyComp.insertManyItems(int) with args: [5429] in 184 ms
16:15:50.635 [main] INFO aspectj.j.example.TraceAspect -- Executed method: int aspectj.j.example.HeavyComp.insertManyItems(int) with args: [407] in 1 ms
16:15:51.036 [main] INFO aspectj.j.example.TraceAspect -- Executed method: int aspectj.j.example.HeavyComp.insertManyItems(int) with args: [8033] in 401 ms
16:15:51.166 [main] INFO aspectj.j.example.TraceAspect -- Executed method: int aspectj.j.example.HeavyComp.insertManyItems(int) with args: [4503] in 130 ms
16:15:51.171 [main] INFO aspectj.j.example.TraceAspect -- Executed method: int aspectj.j.example.HeavyComp.insertManyItems(int) with args: [807] in 4 ms
16:15:51.234 [main] INFO aspectj.j.example.TraceAspect -- Executed method: int aspectj.j.example.HeavyComp.insertManyItems(int) with args: [3187] in 63 ms
16:15:51.244 [main] INFO aspectj.j.example.TraceAspect -- Executed method: int aspectj.j.example.HeavyComp.insertManyItems(int) with args: [1222] in 9 ms
16:15:51.245 [main] INFO aspectj.j.example.TraceAspect -- Executed method: int aspectj.j.example.HeavyComp.insertManyItems(int) with args: [354] in 1 ms
16:15:51.641 [main] INFO aspectj.j.example.TraceAspect -- Executed method: int aspectj.j.example.HeavyComp.insertManyItems(int) with args: [7979] in 396 ms
16:15:51.851 [main] INFO aspectj.j.example.TraceAspect -- Executed method: int aspectj.j.example.HeavyComp.insertManyItems(int) with args: [5820] in 210 ms
16:15:51.981 [main] INFO aspectj.j.example.TraceAspect -- Executed method: int aspectj.j.example.HeavyComp.insertManyItems(int) with args: [4547] in 129 ms
16:15:52.120 [main] INFO aspectj.j.example.TraceAspect -- Executed method: int aspectj.j.example.HeavyComp.insertManyItems(int) with args: [4720] in 139 ms
16:15:52.570 [main] INFO aspectj.j.example.TraceAspect -- Executed method: int aspectj.j.example.HeavyComp.insertManyItems(int) with args: [8513] in 450 ms
16:15:53.106 [main] INFO aspectj.j.example.TraceAspect -- Executed method: int aspectj.j.example.HeavyComp.insertManyItems(int) with args: [9274] in 535 ms
16:15:53.395 [main] INFO aspectj.j.example.TraceAspect -- Executed method: int aspectj.j.example.HeavyComp.insertManyItems(int) with args: [6803] in 289 ms
16:15:53.643 [main] INFO aspectj.j.example.TraceAspect -- Executed method: int aspectj.j.example.HeavyComp.insertManyItems(int) with args: [6305] in 248 ms
16:15:53.849 [main] INFO aspectj.j.example.TraceAspect -- Executed method: int aspectj.j.example.HeavyComp.insertManyItems(int) with args: [5741] in 206 ms
16:15:53.855 [main] INFO aspectj.j.example.TraceAspect -- Executed method: int aspectj.j.example.HeavyComp.insertManyItems(int) with args: [948] in 6 ms
16:15:54.094 [main] INFO aspectj.j.example.TraceAspect -- Executed method: int aspectj.j.example.HeavyComp.insertManyItems(int) with args: [6199] in 239 ms
16:15:54.377 [main] INFO aspectj.j.example.TraceAspect -- Executed method: int aspectj.j.example.HeavyComp.insertManyItems(int) with args: [6729] in 282 ms
16:15:54.387 [main] INFO aspectj.j.example.TraceAspect -- Executed method: int aspectj.j.example.HeavyComp.insertManyItems(int) with args: [1214] in 10 ms
16:15:54.442 [main] INFO aspectj.j.example.TraceAspect -- Executed method: int aspectj.j.example.HeavyComp.insertManyItems(int) with args: [2950] in 54 ms
16:15:54.695 [main] INFO aspectj.j.example.TraceAspect -- Executed method: int aspectj.j.example.HeavyComp.insertManyItems(int) with args: [6373] in 253 ms
16:15:55.100 [main] INFO aspectj.j.example.TraceAspect -- Executed method: int aspectj.j.example.HeavyComp.insertManyItems(int) with args: [8046] in 404 ms
16:15:55.397 [main] INFO aspectj.j.example.TraceAspect -- Executed method: int aspectj.j.example.HeavyComp.insertManyItems(int) with args: [6892] in 297 ms
16:15:55.932 [main] INFO aspectj.j.example.TraceAspect -- Executed method: int aspectj.j.example.HeavyComp.insertManyItems(int) with args: [9275] in 535 ms
16:15:56.083 [main] INFO aspectj.j.example.TraceAspect -- Executed method: int aspectj.j.example.HeavyComp.insertManyItems(int) with args: [4927] in 151 ms
16:15:56.486 [main] INFO aspectj.j.example.TraceAspect -- Executed method: int aspectj.j.example.HeavyComp.insertManyItems(int) with args: [8052] in 403 ms
16:15:56.739 [main] INFO aspectj.j.example.TraceAspect -- Executed method: int aspectj.j.example.HeavyComp.insertManyItems(int) with args: [6370] in 252 ms
16:15:56.772 [main] INFO aspectj.j.example.TraceAspect -- Executed method: int aspectj.j.example.HeavyComp.insertManyItems(int) with args: [2290] in 33 ms
16:15:56.895 [main] INFO aspectj.j.example.TraceAspect -- Executed method: int aspectj.j.example.HeavyComp.insertManyItems(int) with args: [4435] in 123 ms
16:15:57.099 [main] INFO aspectj.j.example.TraceAspect -- Executed method: int aspectj.j.example.HeavyComp.insertManyItems(int) with args: [5717] in 204 ms
16:15:57.674 [main] INFO aspectj.j.example.TraceAspect -- Executed method: int aspectj.j.example.HeavyComp.insertManyItems(int) with args: [9629] in 575 ms
16:15:57.698 [main] INFO aspectj.j.example.TraceAspect -- Executed method: int aspectj.j.example.HeavyComp.insertManyItems(int) with args: [1946] in 23 ms
16:15:57.866 [main] INFO aspectj.j.example.TraceAspect -- Executed method: int aspectj.j.example.HeavyComp.insertManyItems(int) with args: [5192] in 168 ms
16:15:57.973 [main] INFO aspectj.j.example.TraceAspect -- Executed method: int aspectj.j.example.HeavyComp.insertManyItems(int) with args: [4144] in 107 ms
16:15:57.988 [main] INFO aspectj.j.example.TraceAspect -- Executed method: int aspectj.j.example.HeavyComp.insertManyItems(int) with args: [1545] in 14 ms
16:15:57.990 [main] INFO aspectj.j.example.TraceAspect -- Executed method: int aspectj.j.example.HeavyComp.insertManyItems(int) with args: [448] in 1 ms
16:15:58.347 [main] INFO aspectj.j.example.TraceAspect -- Executed method: int aspectj.j.example.HeavyComp.insertManyItems(int) with args: [7571] in 357 ms
16:15:58.566 [main] INFO aspectj.j.example.TraceAspect -- Executed method: int aspectj.j.example.HeavyComp.insertManyItems(int) with args: [5909] in 218 ms
16:15:58.765 [main] INFO aspectj.j.example.TraceAspect -- Executed method: int aspectj.j.example.HeavyComp.insertManyItems(int) with args: [5636] in 199 ms
16:15:59.155 [main] INFO aspectj.j.example.TraceAspect -- Executed method: int aspectj.j.example.HeavyComp.insertManyItems(int) with args: [7904] in 390 ms
16:15:59.518 [main] INFO aspectj.j.example.TraceAspect -- Executed method: int aspectj.j.example.HeavyComp.insertManyItems(int) with args: [7617] in 362 ms
16:15:59.527 [main] INFO aspectj.j.example.TraceAspect -- Executed method: int aspectj.j.example.HeavyComp.insertManyItems(int) with args: [1142] in 9 ms
16:15:59.617 [main] INFO aspectj.j.example.TraceAspect -- Executed method: int aspectj.j.example.HeavyComp.insertManyItems(int) with args: [3789] in 90 ms
16:15:59.924 [main] INFO aspectj.j.example.TraceAspect -- Executed method: int aspectj.j.example.HeavyComp.insertManyItems(int) with args: [7013] in 307 ms
16:16:00.265 [main] INFO aspectj.j.example.TraceAspect -- Executed method: int aspectj.j.example.HeavyComp.insertManyItems(int) with args: [7383] in 340 ms
16:16:00.860 [main] INFO aspectj.j.example.TraceAspect -- Executed method: int aspectj.j.example.HeavyComp.insertManyItems(int) with args: [9758] in 594 ms
16:16:01.072 [main] INFO aspectj.j.example.TraceAspect -- Executed method: int aspectj.j.example.HeavyComp.insertManyItems(int) with args: [5819] in 212 ms
16:16:01.487 [main] INFO aspectj.j.example.TraceAspect -- Executed method: int aspectj.j.example.HeavyComp.insertManyItems(int) with args: [8154] in 415 ms
16:16:01.527 [main] INFO aspectj.j.example.TraceAspect -- Executed method: int aspectj.j.example.HeavyComp.insertManyItems(int) with args: [2524] in 39 ms
16:16:01.883 [main] INFO aspectj.j.example.TraceAspect -- Executed method: int aspectj.j.example.HeavyComp.insertManyItems(int) with args: [7546] in 355 ms
16:16:02.128 [main] INFO aspectj.j.example.TraceAspect -- Executed method: int aspectj.j.example.HeavyComp.insertManyItems(int) with args: [6255] in 245 ms
16:16:02.131 [main] INFO aspectj.j.example.TraceAspect -- Executed method: int aspectj.j.example.HeavyComp.insertManyItems(int) with args: [735] in 3 ms
16:16:02.141 [main] INFO aspectj.j.example.TraceAspect -- Executed method: int aspectj.j.example.HeavyComp.insertManyItems(int) with args: [1237] in 9 ms
16:16:02.748 [main] INFO aspectj.j.example.TraceAspect -- Executed method: int aspectj.j.example.HeavyComp.insertManyItems(int) with args: [9867] in 607 ms
16:16:02.752 [main] INFO aspectj.j.example.TraceAspect -- Executed method: int aspectj.j.example.HeavyComp.insertManyItems(int) with args: [746] in 4 ms
16:16:02.925 [main] INFO aspectj.j.example.TraceAspect -- Executed method: int aspectj.j.example.HeavyComp.insertManyItems(int) with args: [5265] in 173 ms
16:16:02.959 [main] INFO aspectj.j.example.TraceAspect -- Executed method: int aspectj.j.example.HeavyComp.insertManyItems(int) with args: [2345] in 34 ms
16:16:03.460 [main] INFO aspectj.j.example.TraceAspect -- Executed method: int aspectj.j.example.HeavyComp.insertManyItems(int) with args: [8970] in 501 ms
16:16:04.068 [main] INFO aspectj.j.example.TraceAspect -- Executed method: int aspectj.j.example.HeavyComp.insertManyItems(int) with args: [9873] in 608 ms
16:16:04.309 [main] INFO aspectj.j.example.TraceAspect -- Executed method: int aspectj.j.example.HeavyComp.insertManyItems(int) with args: [6208] in 241 ms
16:16:04.928 [main] INFO aspectj.j.example.TraceAspect -- Executed method: int aspectj.j.example.HeavyComp.insertManyItems(int) with args: [9977] in 618 ms
16:16:04.954 [main] INFO aspectj.j.example.TraceAspect -- Executed method: int aspectj.j.example.HeavyComp.insertManyItems(int) with args: [2069] in 26 ms
16:16:05.028 [main] INFO aspectj.j.example.TraceAspect -- Executed method: int aspectj.j.example.HeavyComp.insertManyItems(int) with args: [3439] in 73 ms
16:16:05.029 [main] INFO aspectj.j.example.TraceAspect -- Executed method: int aspectj.j.example.HeavyComp.insertManyItems(int) with args: [108] in 0 ms
16:16:05.029 [main] INFO aspectj.j.example.TraceAspect -- Executed method: int aspectj.j.example.HeavyComp.insertManyItems(int) with args: [108] in 0 ms
16:16:05.029 [main] INFO aspectj.j.example.TraceAspect -- Executed method: int aspectj.j.example.HeavyComp.insertManyItems(int) with args: [108] in 0 ms
16:16:05.029 [main] INFO aspectj.j.example.TraceAspect -- Executed method: int aspectj.j.example.HeavyComp.insertManyItems(int) with args: [108] in 0 ms
16:16:05.029 [main] INFO aspectj.j.example.TraceAspect -- Executed method: int aspectj.j.example.HeavyComp.insertManyItems(int) with args: [108] in 0 ms
16:16:05.355 [main] INFO aspectj.j.example.TraceAspect -- Executed method: int aspectj.j.example.HeavyComp.insertManyItems(int) with args: [7232] in 325 ms
16:16:05.750 [main] INFO aspectj.j.example.TraceAspect -- Executed method: int aspectj.j.example.HeavyComp.insertManyItems(int) with args: [7945] in 394 ms
16:16:05.763 [main] INFO aspectj.j.example.TraceAspect -- Executed method: int aspectj.j.example.HeavyComp.insertManyItems(int) with args: [1469] in 13 ms
16:16:06.287 [main] INFO aspectj.j.example.TraceAspect -- Executed method: int aspectj.j.example.HeavyComp.insertManyItems(int) with args: [9169] in 523 ms
16:16:06.329 [main] INFO aspectj.j.example.TraceAspect -- Executed method: int aspectj.j.example.HeavyComp.insertManyItems(int) with args: [2577] in 42 ms
16:16:06.874 [main] INFO aspectj.j.example.TraceAspect -- Executed method: int aspectj.j.example.HeavyComp.insertManyItems(int) with args: [9335] in 545 ms
16:16:07.016 [main] INFO aspectj.j.example.TraceAspect -- Executed method: int aspectj.j.example.HeavyComp.insertManyItems(int) with args: [4757] in 142 ms
16:16:07.377 [main] INFO aspectj.j.example.TraceAspect -- Executed method: int aspectj.j.example.HeavyComp.insertManyItems(int) with args: [7590] in 360 ms
16:16:07.382 [main] INFO aspectj.j.example.TraceAspect -- Executed method: int aspectj.j.example.HeavyComp.insertManyItems(int) with args: [911] in 5 ms
16:16:07.837 [main] INFO aspectj.j.example.TraceAspect -- Executed method: int aspectj.j.example.HeavyComp.insertManyItems(int) with args: [8537] in 455 ms
16:16:08.306 [main] INFO aspectj.j.example.TraceAspect -- Executed method: int aspectj.j.example.HeavyComp.insertManyItems(int) with args: [8664] in 469 ms
16:16:08.727 [main] INFO aspectj.j.example.TraceAspect -- Executed method: int aspectj.j.example.HeavyComp.insertManyItems(int) with args: [8123] in 421 ms
16:16:08.881 [main] INFO aspectj.j.example.TraceAspect -- Executed method: int aspectj.j.example.HeavyComp.insertManyItems(int) with args: [4885] in 154 ms
16:16:09.126 [main] INFO aspectj.j.example.TraceAspect -- Executed method: int aspectj.j.example.HeavyComp.insertManyItems(int) with args: [6144] in 245 ms
16:16:09.212 [main] INFO aspectj.j.example.TraceAspect -- Executed method: int aspectj.j.example.HeavyComp.insertManyItems(int) with args: [3638] in 86 ms
16:16:09.454 [main] INFO aspectj.j.example.TraceAspect -- Executed method: int aspectj.j.example.HeavyComp.insertManyItems(int) with args: [5920] in 242 ms
16:16:09.749 [main] INFO aspectj.j.example.TraceAspect -- Executed method: int aspectj.j.example.HeavyComp.insertManyItems(int) with args: [6725] in 294 ms
16:16:10.237 [main] INFO aspectj.j.example.TraceAspect -- Executed method: int aspectj.j.example.HeavyComp.insertManyItems(int) with args: [8699] in 488 ms
16:16:10.783 [main] INFO aspectj.j.example.TraceAspect -- Executed method: int aspectj.j.example.HeavyComp.insertManyItems(int) with args: [9232] in 545 ms
16:16:10.789 [main] INFO aspectj.j.example.TraceAspect -- Executed method: int aspectj.j.example.HeavyComp.insertManyItems(int) with args: [908] in 5 ms
16:16:11.316 [main] INFO aspectj.j.example.TraceAspect -- Executed method: int aspectj.j.example.HeavyComp.insertManyItems(int) with args: [9036] in 527 ms
16:16:11.328 [main] INFO aspectj.j.example.TraceAspect -- Executed method: int aspectj.j.example.HeavyComp.insertManyItems(int) with args: [1309] in 11 ms
16:16:11.870 [main] INFO aspectj.j.example.TraceAspect -- Executed method: int aspectj.j.example.HeavyComp.insertManyItems(int) with args: [9207] in 542 ms
16:16:12.055 [main] INFO aspectj.j.example.TraceAspect -- Executed method: int aspectj.j.example.HeavyComp.insertManyItems(int) with args: [5361] in 184 ms
16:16:12.104 [main] INFO aspectj.j.example.TraceAspect -- Executed method: int aspectj.j.example.HeavyComp.insertManyItems(int) with args: [2744] in 49 ms
16:16:12.109 [main] INFO aspectj.j.example.TraceAspect -- Executed method: int aspectj.j.example.HeavyComp.insertManyItems(int) with args: [916] in 5 ms
16:16:12.355 [main] INFO aspectj.j.example.TraceAspect -- Executed method: int aspectj.j.example.HeavyComp.insertManyItems(int) with args: [6167] in 245 ms
16:16:12.355 [main] INFO aspectj.j.example.TraceAspect -- Executed method: int aspectj.j.example.HeavyComp.insertManyItems(int) with args: [145] in 0 ms
16:16:12.355 [main] INFO aspectj.j.example.TraceAspect -- Executed method: int aspectj.j.example.HeavyComp.insertManyItems(int) with args: [145] in 0 ms
16:16:12.356 [main] INFO aspectj.j.example.TraceAspect -- Executed method: int aspectj.j.example.HeavyComp.insertManyItems(int) with args: [145] in 1 ms
16:16:12.793 [main] INFO aspectj.j.example.TraceAspect -- Executed method: int aspectj.j.example.HeavyComp.insertManyItems(int) with args: [8273] in 437 ms
16:16:12.925 [main] INFO aspectj.j.example.TraceAspect -- Executed method: int aspectj.j.example.HeavyComp.insertManyItems(int) with args: [4509] in 132 ms
16:16:13.441 [main] INFO aspectj.j.example.TraceAspect -- Executed method: int aspectj.j.example.HeavyComp.insertManyItems(int) with args: [8941] in 516 ms
16:16:13.452 [main] INFO aspectj.j.example.TraceAspect -- Executed method: int aspectj.j.example.HeavyComp.insertManyItems(int) with args: [1288] in 10 ms
16:16:13.659 [main] INFO aspectj.j.example.TraceAspect -- Executed method: int aspectj.j.example.HeavyComp.insertManyItems(int) with args: [5671] in 206 ms
16:16:14.283 [main] INFO aspectj.j.example.TraceAspect -- Executed method: int aspectj.j.example.HeavyComp.insertManyItems(int) with args: [9874] in 624 ms
16:16:14.283 [main] INFO aspectj.j.example.TraceAspect -- Executed method: int aspectj.j.example.HeavyComp.insertManyItems(int) with args: [94] in 0 ms
16:16:14.718 [main] INFO aspectj.j.example.TraceAspect -- Executed method: int aspectj.j.example.HeavyComp.insertManyItems(int) with args: [8221] in 434 ms
16:16:15.074 [main] INFO aspectj.j.example.TraceAspect -- Executed method: int aspectj.j.example.HeavyComp.insertManyItems(int) with args: [7430] in 356 ms
16:16:15.515 [main] INFO aspectj.j.example.TraceAspect -- Executed method: int aspectj.j.example.HeavyComp.insertManyItems(int) with args: [8285] in 441 ms
16:16:16.022 [main] INFO aspectj.j.example.TraceAspect -- Executed method: int aspectj.j.example.HeavyComp.insertManyItems(int) with args: [8910] in 506 ms
16:16:16.322 [main] INFO aspectj.j.example.TraceAspect -- Executed method: int aspectj.j.example.HeavyComp.insertManyItems(int) with args: [6936] in 300 ms
16:16:16.346 [main] INFO aspectj.j.example.TraceAspect -- Executed method: int aspectj.j.example.HeavyComp.insertManyItems(int) with args: [1963] in 23 ms
16:16:16.414 [main] INFO aspectj.j.example.TraceAspect -- Executed method: int aspectj.j.example.HeavyComp.insertManyItems(int) with args: [3333] in 68 ms
16:16:17.019 [main] INFO aspectj.j.example.TraceAspect -- Executed method: int aspectj.j.example.HeavyComp.insertManyItems(int) with args: [9729] in 605 ms
16:16:17.671 [main] INFO aspectj.j.example.TraceAspect -- Executed method: int aspectj.j.example.HeavyComp.insertManyItems(int) with args: [9593] in 652 ms
16:16:18.291 [main] INFO aspectj.j.example.TraceAspect -- Executed method: int aspectj.j.example.HeavyComp.insertManyItems(int) with args: [9751] in 620 ms
16:16:18.311 [main] INFO aspectj.j.example.TraceAspect -- Executed method: int aspectj.j.example.HeavyComp.insertManyItems(int) with args: [1702] in 19 ms
16:16:18.724 [main] INFO aspectj.j.example.TraceAspect -- Executed method: int aspectj.j.example.HeavyComp.insertManyItems(int) with args: [7962] in 413 ms
16:16:18.936 [main] INFO aspectj.j.example.TraceAspect -- Executed method: int aspectj.j.example.HeavyComp.insertManyItems(int) with args: [5704] in 212 ms
16:16:19.184 [main] INFO aspectj.j.example.TraceAspect -- Executed method: int aspectj.j.example.HeavyComp.insertManyItems(int) with args: [6163] in 248 ms
16:16:19.201 [main] INFO aspectj.j.example.TraceAspect -- Executed method: int aspectj.j.example.HeavyComp.insertManyItems(int) with args: [1581] in 17 ms
16:16:19.264 [main] INFO aspectj.j.example.TraceAspect -- Executed method: int aspectj.j.example.HeavyComp.insertManyItems(int) with args: [3092] in 63 ms
16:16:19.273 [main] INFO aspectj.j.example.TraceAspect -- Executed method: int aspectj.j.example.HeavyComp.insertManyItems(int) with args: [1127] in 8 ms
16:16:19.302 [main] INFO aspectj.j.example.TraceAspect -- Executed method: int aspectj.j.example.HeavyComp.insertManyItems(int) with args: [2131] in 29 ms
16:16:19.304 [main] INFO aspectj.j.example.TraceAspect -- Executed method: int aspectj.j.example.HeavyComp.insertManyItems(int) with args: [396] in 1 ms
16:16:19.750 [main] INFO aspectj.j.example.TraceAspect -- Executed method: int aspectj.j.example.HeavyComp.insertManyItems(int) with args: [8523] in 446 ms
16:16:20.026 [main] INFO aspectj.j.example.TraceAspect -- Executed method: int aspectj.j.example.HeavyComp.insertManyItems(int) with args: [6642] in 275 ms
16:16:20.206 [main] INFO aspectj.j.example.TraceAspect -- Executed method: int aspectj.j.example.HeavyComp.insertManyItems(int) with args: [5369] in 180 ms
16:16:20.647 [main] INFO aspectj.j.example.TraceAspect -- Executed method: int aspectj.j.example.HeavyComp.insertManyItems(int) with args: [8408] in 441 ms
16:16:20.718 [main] INFO aspectj.j.example.TraceAspect -- Executed method: int aspectj.j.example.HeavyComp.insertManyItems(int) with args: [3375] in 71 ms
16:16:20.862 [main] INFO aspectj.j.example.TraceAspect -- Executed method: int aspectj.j.example.HeavyComp.insertManyItems(int) with args: [4789] in 144 ms
16:16:21.142 [main] INFO aspectj.j.example.TraceAspect -- Executed method: int aspectj.j.example.HeavyComp.insertManyItems(int) with args: [6710] in 280 ms
16:16:21.243 [main] INFO aspectj.j.example.TraceAspect -- Executed method: int aspectj.j.example.HeavyComp.insertManyItems(int) with args: [4005] in 101 ms
16:16:21.352 [main] INFO aspectj.j.example.TraceAspect -- Executed method: int aspectj.j.example.HeavyComp.insertManyItems(int) with args: [4185] in 109 ms
16:16:21.533 [main] INFO aspectj.j.example.TraceAspect -- Executed method: int aspectj.j.example.HeavyComp.insertManyItems(int) with args: [5375] in 180 ms
16:16:21.824 [main] INFO aspectj.j.example.TraceAspect -- Executed method: int aspectj.j.example.HeavyComp.insertManyItems(int) with args: [6798] in 290 ms
16:16:22.130 [main] INFO aspectj.j.example.TraceAspect -- Executed method: int aspectj.j.example.HeavyComp.insertManyItems(int) with args: [7009] in 306 ms
16:16:22.147 [main] INFO aspectj.j.example.TraceAspect -- Executed method: int aspectj.j.example.HeavyComp.insertManyItems(int) with args: [1626] in 17 ms
16:16:22.165 [main] INFO aspectj.j.example.TraceAspect -- Executed method: int aspectj.j.example.HeavyComp.insertManyItems(int) with args: [1700] in 18 ms
16:16:22.350 [main] INFO aspectj.j.example.TraceAspect -- Executed method: int aspectj.j.example.HeavyComp.insertManyItems(int) with args: [5444] in 185 ms
16:16:22.521 [main] INFO aspectj.j.example.TraceAspect -- Executed method: int aspectj.j.example.HeavyComp.insertManyItems(int) with args: [5171] in 170 ms
16:16:22.738 [main] INFO aspectj.j.example.TraceAspect -- Executed method: int aspectj.j.example.HeavyComp.insertManyItems(int) with args: [5859] in 216 ms
16:16:22.738 [main] INFO aspectj.j.example.TraceAspect -- Executed method: int aspectj.j.example.HeavyComp.insertManyItems(int) with args: [130] in 0 ms
16:16:22.738 [main] INFO aspectj.j.example.TraceAspect -- Executed method: int aspectj.j.example.HeavyComp.insertManyItems(int) with args: [130] in 0 ms
16:16:22.738 [main] INFO aspectj.j.example.TraceAspect -- Executed method: int aspectj.j.example.HeavyComp.insertManyItems(int) with args: [130] in 0 ms
16:16:22.739 [main] INFO aspectj.j.example.TraceAspect -- Executed method: int aspectj.j.example.HeavyComp.insertManyItems(int) with args: [130] in 1 ms
16:16:23.115 [main] INFO aspectj.j.example.TraceAspect -- Executed method: int aspectj.j.example.HeavyComp.insertManyItems(int) with args: [7755] in 376 ms
16:16:23.156 [main] INFO aspectj.j.example.TraceAspect -- Executed method: int aspectj.j.example.HeavyComp.insertManyItems(int) with args: [2557] in 41 ms
16:16:23.174 [main] INFO aspectj.j.example.TraceAspect -- Executed method: int aspectj.j.example.HeavyComp.insertManyItems(int) with args: [1689] in 18 ms
16:16:23.440 [main] INFO aspectj.j.example.TraceAspect -- Executed method: int aspectj.j.example.HeavyComp.insertManyItems(int) with args: [6513] in 265 ms
16:16:24.001 [main] INFO aspectj.j.example.TraceAspect -- Executed method: int aspectj.j.example.HeavyComp.insertManyItems(int) with args: [9486] in 561 ms
16:16:24.014 [main] INFO aspectj.j.example.TraceAspect -- Executed method: int aspectj.j.example.HeavyComp.insertManyItems(int) with args: [1438] in 13 ms
16:16:24.014 [main] INFO aspectj.j.example.TraceAspect -- Executed method: int aspectj.j.example.HeavyComp.insertManyItems(int) with args: [67] in 0 ms
16:16:24.015 [main] INFO aspectj.j.example.TraceAspect -- Executed method: int aspectj.j.example.HeavyComp.insertManyItems(int) with args: [67] in 1 ms
16:16:24.386 [main] INFO aspectj.j.example.TraceAspect -- Executed method: int aspectj.j.example.HeavyComp.insertManyItems(int) with args: [7693] in 371 ms
16:16:24.881 [main] INFO aspectj.j.example.TraceAspect -- Executed method: int aspectj.j.example.HeavyComp.insertManyItems(int) with args: [8913] in 495 ms
16:16:24.882 [main] INFO aspectj.j.example.TraceAspect -- Executed method: int aspectj.j.example.HeavyComp.insertManyItems(int) with args: [239] in 1 ms
16:16:25.219 [main] INFO aspectj.j.example.TraceAspect -- Executed method: int aspectj.j.example.HeavyComp.insertManyItems(int) with args: [7363] in 337 ms
16:16:25.233 [main] INFO aspectj.j.example.TraceAspect -- Executed method: int aspectj.j.example.HeavyComp.insertManyItems(int) with args: [1459] in 13 ms
16:16:25.503 [main] INFO aspectj.j.example.TraceAspect -- Executed method: int aspectj.j.example.HeavyComp.insertManyItems(int) with args: [6574] in 270 ms
16:16:25.506 [main] INFO aspectj.j.example.TraceAspect -- Executed method: int aspectj.j.example.HeavyComp.insertManyItems(int) with args: [689] in 3 ms
16:16:25.865 [main] INFO aspectj.j.example.TraceAspect -- Executed method: int aspectj.j.example.HeavyComp.insertManyItems(int) with args: [7583] in 359 ms
16:16:26.245 [main] INFO aspectj.j.example.TraceAspect -- Executed method: int aspectj.j.example.HeavyComp.insertManyItems(int) with args: [7798] in 380 ms
16:16:26.610 [main] INFO aspectj.j.example.TraceAspect -- Executed method: int aspectj.j.example.HeavyComp.insertManyItems(int) with args: [7648] in 365 ms
16:16:26.640 [main] INFO aspectj.j.example.TraceAspect -- Executed method: int aspectj.j.example.HeavyComp.insertManyItems(int) with args: [2172] in 30 ms
16:16:27.179 [main] INFO aspectj.j.example.TraceAspect -- Executed method: int aspectj.j.example.HeavyComp.insertManyItems(int) with args: [9300] in 539 ms
16:16:27.341 [main] INFO aspectj.j.example.TraceAspect -- Executed method: int aspectj.j.example.HeavyComp.insertManyItems(int) with args: [5086] in 162 ms
16:16:27.347 [main] INFO aspectj.j.example.TraceAspect -- Executed method: int aspectj.j.example.HeavyComp.insertManyItems(int) with args: [998] in 6 ms
16:16:27.378 [main] INFO aspectj.j.example.TraceAspect -- Executed method: int aspectj.j.example.HeavyComp.insertManyItems(int) with args: [2232] in 31 ms
16:16:27.622 [main] INFO aspectj.j.example.TraceAspect -- Executed method: int aspectj.j.example.HeavyComp.insertManyItems(int) with args: [6249] in 243 ms
16:16:28.126 [main] INFO aspectj.j.example.TraceAspect -- Executed method: int aspectj.j.example.HeavyComp.insertManyItems(int) with args: [8994] in 504 ms
16:16:28.550 [main] INFO aspectj.j.example.TraceAspect -- Executed method: int aspectj.j.example.HeavyComp.insertManyItems(int) with args: [8253] in 424 ms
16:16:28.739 [main] INFO aspectj.j.example.TraceAspect -- Executed method: int aspectj.j.example.HeavyComp.insertManyItems(int) with args: [5504] in 189 ms
16:16:28.786 [main] INFO aspectj.j.example.TraceAspect -- Executed method: int aspectj.j.example.HeavyComp.insertManyItems(int) with args: [2720] in 46 ms
16:16:29.287 [main] INFO aspectj.j.example.TraceAspect -- Executed method: int aspectj.j.example.HeavyComp.insertManyItems(int) with args: [8976] in 501 ms
16:16:29.475 [main] INFO aspectj.j.example.TraceAspect -- Executed method: int aspectj.j.example.HeavyComp.insertManyItems(int) with args: [5493] in 188 ms
16:16:29.546 [main] INFO aspectj.j.example.TraceAspect -- Executed method: int aspectj.j.example.HeavyComp.insertManyItems(int) with args: [3378] in 71 ms
16:16:29.689 [main] INFO aspectj.j.example.TraceAspect -- Executed method: int aspectj.j.example.HeavyComp.insertManyItems(int) with args: [4792] in 143 ms
16:16:30.261 [main] INFO aspectj.j.example.TraceAspect -- Executed method: int aspectj.j.example.HeavyComp.insertManyItems(int) with args: [9590] in 572 ms
16:16:30.793 [main] INFO aspectj.j.example.TraceAspect -- Executed method: int aspectj.j.example.HeavyComp.insertManyItems(int) with args: [9263] in 532 ms
16:16:31.115 [main] INFO aspectj.j.example.TraceAspect -- Executed method: int aspectj.j.example.HeavyComp.insertManyItems(int) with args: [7197] in 321 ms
16:16:31.167 [main] INFO aspectj.j.example.TraceAspect -- Executed method: int aspectj.j.example.HeavyComp.insertManyItems(int) with args: [2887] in 52 ms
16:16:31.348 [main] INFO aspectj.j.example.TraceAspect -- Executed method: int aspectj.j.example.HeavyComp.insertManyItems(int) with args: [5398] in 181 ms
16:16:31.446 [main] INFO aspectj.j.example.TraceAspect -- Executed method: int aspectj.j.example.HeavyComp.insertManyItems(int) with args: [3984] in 98 ms
16:16:31.768 [main] INFO aspectj.j.example.TraceAspect -- Executed method: int aspectj.j.example.HeavyComp.insertManyItems(int) with args: [7208] in 322 ms
16:16:31.885 [main] INFO aspectj.j.example.TraceAspect -- Executed method: int aspectj.j.example.HeavyComp.insertManyItems(int) with args: [4340] in 116 ms
16:16:32.426 [main] INFO aspectj.j.example.TraceAspect -- Executed method: int aspectj.j.example.HeavyComp.insertManyItems(int) with args: [9344] in 541 ms
16:16:32.539 [main] INFO aspectj.j.example.TraceAspect -- Executed method: int aspectj.j.example.HeavyComp.insertManyItems(int) with args: [4264] in 113 ms
16:16:33.134 [main] INFO aspectj.j.example.TraceAspect -- Executed method: int aspectj.j.example.HeavyComp.insertManyItems(int) with args: [9793] in 595 ms
16:16:33.476 [main] INFO aspectj.j.example.TraceAspect -- Executed method: int aspectj.j.example.HeavyComp.insertManyItems(int) with args: [7419] in 342 ms
16:16:33.872 [main] INFO aspectj.j.example.TraceAspect -- Executed method: int aspectj.j.example.HeavyComp.insertManyItems(int) with args: [8000] in 396 ms
16:16:34.200 [main] INFO aspectj.j.example.TraceAspect -- Executed method: int aspectj.j.example.HeavyComp.insertManyItems(int) with args: [7277] in 328 ms
16:16:34.222 [main] INFO aspectj.j.example.TraceAspect -- Executed method: int aspectj.j.example.HeavyComp.insertManyItems(int) with args: [1872] in 21 ms
16:16:34.284 [main] INFO aspectj.j.example.TraceAspect -- Executed method: int aspectj.j.example.HeavyComp.insertManyItems(int) with args: [3150] in 61 ms
16:16:34.764 [main] INFO aspectj.j.example.TraceAspect -- Executed method: int aspectj.j.example.HeavyComp.insertManyItems(int) with args: [8810] in 480 ms
16:16:35.271 [main] INFO aspectj.j.example.TraceAspect -- Executed method: int aspectj.j.example.HeavyComp.insertManyItems(int) with args: [9074] in 507 ms
16:16:35.423 [main] INFO aspectj.j.example.TraceAspect -- Executed method: int aspectj.j.example.HeavyComp.insertManyItems(int) with args: [4953] in 151 ms
16:16:36.008 [main] INFO aspectj.j.example.TraceAspect -- Executed method: int aspectj.j.example.HeavyComp.insertManyItems(int) with args: [9751] in 585 ms
16:16:36.537 [main] INFO aspectj.j.example.TraceAspect -- Executed method: int aspectj.j.example.HeavyComp.insertManyItems(int) with args: [9265] in 528 ms
16:16:36.552 [main] INFO aspectj.j.example.TraceAspect -- Executed method: int aspectj.j.example.HeavyComp.insertManyItems(int) with args: [1538] in 15 ms
16:16:37.167 [main] INFO aspectj.j.example.TraceAspect -- Executed method: int aspectj.j.example.HeavyComp.insertManyItems(int) with args: [9939] in 615 ms
16:16:37.469 [main] INFO aspectj.j.example.TraceAspect -- Executed method: int aspectj.j.example.HeavyComp.insertManyItems(int) with args: [6867] in 300 ms
16:16:37.862 [main] INFO aspectj.j.example.TraceAspect -- Executed method: int aspectj.j.example.HeavyComp.insertManyItems(int) with args: [7875] in 393 ms
16:16:38.270 [main] INFO aspectj.j.example.TraceAspect -- Executed method: int aspectj.j.example.HeavyComp.insertManyItems(int) with args: [7998] in 407 ms
16:16:38.875 [main] INFO aspectj.j.example.TraceAspect -- Executed method: int aspectj.j.example.HeavyComp.insertManyItems(int) with args: [9720] in 605 ms
16:16:39.408 [main] INFO aspectj.j.example.TraceAspect -- Executed method: int aspectj.j.example.HeavyComp.insertManyItems(int) with args: [9165] in 532 ms
16:16:39.427 [main] INFO aspectj.j.example.TraceAspect -- Executed method: int aspectj.j.example.HeavyComp.insertManyItems(int) with args: [1705] in 19 ms
16:16:39.828 [main] INFO aspectj.j.example.TraceAspect -- Executed method: int aspectj.j.example.HeavyComp.insertManyItems(int) with args: [7965] in 401 ms
16:16:39.856 [main] INFO aspectj.j.example.TraceAspect -- Executed method: int aspectj.j.example.HeavyComp.insertManyItems(int) with args: [2062] in 27 ms
16:16:40.256 [main] INFO aspectj.j.example.TraceAspect -- Executed method: int aspectj.j.example.HeavyComp.insertManyItems(int) with args: [7951] in 400 ms
16:16:40.370 [main] INFO aspectj.j.example.TraceAspect -- Executed method: int aspectj.j.example.HeavyComp.insertManyItems(int) with args: [4330] in 114 ms
16:16:40.499 [main] INFO aspectj.j.example.TraceAspect -- Executed method: int aspectj.j.example.HeavyComp.insertManyItems(int) with args: [4607] in 128 ms
16:16:40.945 [main] INFO aspectj.j.example.TraceAspect -- Executed method: int aspectj.j.example.HeavyComp.insertManyItems(int) with args: [8537] in 446 ms
16:16:41.477 [main] INFO aspectj.j.example.TraceAspect -- Executed method: int aspectj.j.example.HeavyComp.insertManyItems(int) with args: [9299] in 531 ms
16:16:41.800 [main] INFO aspectj.j.example.TraceAspect -- Executed method: int aspectj.j.example.HeavyComp.insertManyItems(int) with args: [7250] in 323 ms
16:16:41.831 [main] INFO aspectj.j.example.TraceAspect -- Executed method: int aspectj.j.example.HeavyComp.insertManyItems(int) with args: [2210] in 30 ms
16:16:41.833 [main] INFO aspectj.j.example.TraceAspect -- Executed method: int aspectj.j.example.HeavyComp.insertManyItems(int) with args: [475] in 2 ms
16:16:42.071 [main] INFO aspectj.j.example.TraceAspect -- Executed method: int aspectj.j.example.HeavyComp.insertManyItems(int) with args: [6228] in 238 ms
16:16:42.104 [main] INFO aspectj.j.example.TraceAspect -- Executed method: int aspectj.j.example.HeavyComp.insertManyItems(int) with args: [2307] in 33 ms
16:16:42.225 [main] INFO aspectj.j.example.TraceAspect -- Executed method: int aspectj.j.example.HeavyComp.insertManyItems(int) with args: [4453] in 121 ms
16:16:42.229 [main] INFO aspectj.j.example.TraceAspect -- Executed method: int aspectj.j.example.HeavyComp.insertManyItems(int) with args: [690] in 3 ms
16:16:42.332 [main] INFO aspectj.j.example.TraceAspect -- Executed method: int aspectj.j.example.HeavyComp.insertManyItems(int) with args: [4069] in 103 ms
16:16:42.673 [main] INFO aspectj.j.example.TraceAspect -- Executed method: int aspectj.j.example.HeavyComp.insertManyItems(int) with args: [7360] in 341 ms
16:16:43.270 [main] INFO aspectj.j.example.TraceAspect -- Executed method: int aspectj.j.example.HeavyComp.insertManyItems(int) with args: [9813] in 597 ms
16:16:43.816 [main] INFO aspectj.j.example.TraceAspect -- Executed method: int aspectj.j.example.HeavyComp.insertManyItems(int) with args: [9388] in 546 ms
16:16:43.889 [main] INFO aspectj.j.example.TraceAspect -- Executed method: int aspectj.j.example.HeavyComp.insertManyItems(int) with args: [3441] in 73 ms
16:16:44.132 [main] INFO aspectj.j.example.TraceAspect -- Executed method: int aspectj.j.example.HeavyComp.insertManyItems(int) with args: [6088] in 243 ms
16:16:44.674 [main] INFO aspectj.j.example.TraceAspect -- Executed method: int aspectj.j.example.HeavyComp.insertManyItems(int) with args: [8833] in 542 ms
16:16:45.057 [main] INFO aspectj.j.example.TraceAspect -- Executed method: int aspectj.j.example.HeavyComp.insertManyItems(int) with args: [7801] in 383 ms
16:16:45.095 [main] INFO aspectj.j.example.TraceAspect -- Executed method: int aspectj.j.example.HeavyComp.insertManyItems(int) with args: [2467] in 38 ms
16:16:45.764 [main] INFO aspectj.j.example.TraceAspect -- Executed method: int aspectj.j.example.HeavyComp.insertManyItems(int) with args: [9863] in 668 ms
16:16:45.844 [main] INFO aspectj.j.example.TraceAspect -- Executed method: int aspectj.j.example.HeavyComp.insertManyItems(int) with args: [3526] in 79 ms
16:16:46.439 [main] INFO aspectj.j.example.TraceAspect -- Executed method: int aspectj.j.example.HeavyComp.insertManyItems(int) with args: [9786] in 595 ms
16:16:46.901 [main] INFO aspectj.j.example.TraceAspect -- Executed method: int aspectj.j.example.HeavyComp.insertManyItems(int) with args: [8631] in 461 ms
16:16:47.517 [main] INFO aspectj.j.example.TraceAspect -- Executed method: int aspectj.j.example.HeavyComp.insertManyItems(int) with args: [9992] in 616 ms
16:16:47.922 [main] INFO aspectj.j.example.TraceAspect -- Executed method: int aspectj.j.example.HeavyComp.insertManyItems(int) with args: [8061] in 404 ms
16:16:47.927 [main] INFO aspectj.j.example.TraceAspect -- Executed method: int aspectj.j.example.HeavyComp.insertManyItems(int) with args: [924] in 5 ms
16:16:48.479 [main] INFO aspectj.j.example.TraceAspect -- Executed method: int aspectj.j.example.HeavyComp.insertManyItems(int) with args: [9052] in 552 ms
16:16:48.481 [main] INFO aspectj.j.example.TraceAspect -- Executed method: int aspectj.j.example.HeavyComp.insertManyItems(int) with args: [501] in 1 ms
16:16:48.898 [main] INFO aspectj.j.example.TraceAspect -- Executed method: int aspectj.j.example.HeavyComp.insertManyItems(int) with args: [8126] in 417 ms
16:16:49.251 [main] INFO aspectj.j.example.TraceAspect -- Executed method: int aspectj.j.example.HeavyComp.insertManyItems(int) with args: [7478] in 353 ms
16:16:49.415 [main] INFO aspectj.j.example.TraceAspect -- Executed method: int aspectj.j.example.HeavyComp.insertManyItems(int) with args: [5016] in 164 ms
16:16:49.666 [main] INFO aspectj.j.example.TraceAspect -- Executed method: int aspectj.j.example.HeavyComp.insertManyItems(int) with args: [6293] in 251 ms
16:16:49.896 [main] INFO aspectj.j.example.TraceAspect -- Executed method: int aspectj.j.example.HeavyComp.insertManyItems(int) with args: [6025] in 230 ms
16:16:50.022 [main] INFO aspectj.j.example.TraceAspect -- Executed method: int aspectj.j.example.HeavyComp.insertManyItems(int) with args: [4451] in 125 ms
16:16:50.182 [main] INFO aspectj.j.example.TraceAspect -- Executed method: int aspectj.j.example.HeavyComp.insertManyItems(int) with args: [5002] in 160 ms
16:16:50.186 [main] INFO aspectj.j.example.TraceAspect -- Executed method: int aspectj.j.example.HeavyComp.insertManyItems(int) with args: [809] in 4 ms
16:16:50.197 [main] INFO aspectj.j.example.TraceAspect -- Executed method: int aspectj.j.example.HeavyComp.insertManyItems(int) with args: [1311] in 11 ms
16:16:50.215 [main] INFO aspectj.j.example.TraceAspect -- Executed method: int aspectj.j.example.HeavyComp.insertManyItems(int) with args: [1676] in 18 ms
16:16:50.254 [main] INFO aspectj.j.example.TraceAspect -- Executed method: int aspectj.j.example.HeavyComp.insertManyItems(int) with args: [2452] in 39 ms
16:16:50.866 [main] INFO aspectj.j.example.TraceAspect -- Executed method: int aspectj.j.example.HeavyComp.insertManyItems(int) with args: [9848] in 612 ms
16:16:51.152 [main] INFO aspectj.j.example.TraceAspect -- Executed method: int aspectj.j.example.HeavyComp.insertManyItems(int) with args: [6715] in 285 ms
16:16:51.396 [main] INFO aspectj.j.example.TraceAspect -- Executed method: int aspectj.j.example.HeavyComp.insertManyItems(int) with args: [6217] in 244 ms
16:16:51.855 [main] INFO aspectj.j.example.TraceAspect -- Executed method: int aspectj.j.example.HeavyComp.insertManyItems(int) with args: [8524] in 458 ms
16:16:51.857 [main] INFO aspectj.j.example.TraceAspect -- Executed method: int aspectj.j.example.HeavyComp.insertManyItems(int) with args: [523] in 2 ms
16:16:51.889 [main] INFO aspectj.j.example.TraceAspect -- Executed method: int aspectj.j.example.HeavyComp.insertManyItems(int) with args: [2259] in 32 ms
16:16:52.138 [main] INFO aspectj.j.example.TraceAspect -- Executed method: int aspectj.j.example.HeavyComp.insertManyItems(int) with args: [6277] in 249 ms
16:16:52.254 [main] INFO aspectj.j.example.TraceAspect -- Executed method: int aspectj.j.example.HeavyComp.insertManyItems(int) with args: [4272] in 116 ms
16:16:52.302 [main] INFO aspectj.j.example.TraceAspect -- Executed method: int aspectj.j.example.HeavyComp.insertManyItems(int) with args: [2678] in 48 ms
16:16:52.303 [main] INFO aspectj.j.example.TraceAspect -- Executed method: int aspectj.j.example.HeavyComp.insertManyItems(int) with args: [347] in 0 ms
16:16:52.430 [main] INFO aspectj.j.example.TraceAspect -- Executed method: int aspectj.j.example.HeavyComp.insertManyItems(int) with args: [4458] in 126 ms
16:16:52.602 [main] INFO aspectj.j.example.TraceAspect -- Executed method: int aspectj.j.example.HeavyComp.insertManyItems(int) with args: [5215] in 172 ms
16:16:53.035 [main] INFO aspectj.j.example.TraceAspect -- Executed method: int aspectj.j.example.HeavyComp.insertManyItems(int) with args: [8276] in 432 ms
16:16:53.305 [main] INFO aspectj.j.example.TraceAspect -- Executed method: int aspectj.j.example.HeavyComp.insertManyItems(int) with args: [6532] in 270 ms
16:16:53.450 [main] INFO aspectj.j.example.TraceAspect -- Executed method: int aspectj.j.example.HeavyComp.insertManyItems(int) with args: [4756] in 144 ms
16:16:53.966 [main] INFO aspectj.j.example.TraceAspect -- Executed method: int aspectj.j.example.HeavyComp.insertManyItems(int) with args: [9023] in 516 ms
16:16:54.058 [main] INFO aspectj.j.example.TraceAspect -- Executed method: int aspectj.j.example.HeavyComp.insertManyItems(int) with args: [3807] in 92 ms
16:16:54.124 [main] INFO aspectj.j.example.TraceAspect -- Executed method: int aspectj.j.example.HeavyComp.insertManyItems(int) with args: [3217] in 66 ms
16:16:54.435 [main] INFO aspectj.j.example.TraceAspect -- Executed method: int aspectj.j.example.HeavyComp.insertManyItems(int) with args: [7005] in 311 ms
16:16:54.435 [main] INFO aspectj.j.example.TraceAspect -- Executed method: int aspectj.j.example.HeavyComp.insertManyItems(int) with args: [190] in 0 ms
16:16:54.435 [main] INFO aspectj.j.example.TraceAspect -- Executed method: int aspectj.j.example.HeavyComp.insertManyItems(int) with args: [190] in 0 ms
16:16:54.436 [main] INFO aspectj.j.example.TraceAspect -- Executed method: int aspectj.j.example.HeavyComp.insertManyItems(int) with args: [190] in 1 ms
16:16:54.873 [main] INFO aspectj.j.example.TraceAspect -- Executed method: int aspectj.j.example.HeavyComp.insertManyItems(int) with args: [8317] in 437 ms
16:16:54.873 [main] INFO aspectj.j.example.TraceAspect -- Executed method: int aspectj.j.example.HeavyComp.insertManyItems(int) with args: [243] in 0 ms
16:16:54.874 [main] INFO aspectj.j.example.TraceAspect -- Executed method: int aspectj.j.example.HeavyComp.insertManyItems(int) with args: [243] in 1 ms
16:16:55.218 [main] INFO aspectj.j.example.TraceAspect -- Executed method: int aspectj.j.example.HeavyComp.insertManyItems(int) with args: [7366] in 344 ms
16:16:55.264 [main] INFO aspectj.j.example.TraceAspect -- Executed method: int aspectj.j.example.HeavyComp.insertManyItems(int) with args: [2696] in 46 ms
16:16:55.668 [main] INFO aspectj.j.example.TraceAspect -- Executed method: int aspectj.j.example.HeavyComp.insertManyItems(int) with args: [7991] in 404 ms
16:16:55.942 [main] INFO aspectj.j.example.TraceAspect -- Executed method: int aspectj.j.example.HeavyComp.insertManyItems(int) with args: [6562] in 273 ms
16:16:56.043 [main] INFO aspectj.j.example.TraceAspect -- Executed method: int aspectj.j.example.HeavyComp.insertManyItems(int) with args: [3993] in 101 ms
16:16:56.155 [main] INFO aspectj.j.example.TraceAspect -- Executed method: int aspectj.j.example.HeavyComp.insertManyItems(int) with args: [4173] in 111 ms
16:16:56.182 [main] INFO aspectj.j.example.TraceAspect -- Executed method: int aspectj.j.example.HeavyComp.insertManyItems(int) with args: [2077] in 27 ms
16:16:56.381 [main] INFO aspectj.j.example.TraceAspect -- Executed method: int aspectj.j.example.HeavyComp.insertManyItems(int) with args: [5592] in 198 ms
16:16:56.870 [main] INFO aspectj.j.example.TraceAspect -- Executed method: int aspectj.j.example.HeavyComp.insertManyItems(int) with args: [8795] in 488 ms
16:16:56.975 [main] INFO aspectj.j.example.TraceAspect -- Executed method: int aspectj.j.example.HeavyComp.insertManyItems(int) with args: [4081] in 105 ms
16:16:57.153 [main] INFO aspectj.j.example.TraceAspect -- Executed method: int aspectj.j.example.HeavyComp.insertManyItems(int) with args: [5296] in 177 ms
16:16:57.256 [main] INFO aspectj.j.example.TraceAspect -- Executed method: int aspectj.j.example.HeavyComp.insertManyItems(int) with args: [4019] in 102 ms
16:16:57.256 [main] INFO aspectj.j.example.TraceAspect -- Executed method: int aspectj.j.example.HeavyComp.insertManyItems(int) with args: [186] in 0 ms
16:16:57.256 [main] INFO aspectj.j.example.TraceAspect -- Executed method: int aspectj.j.example.HeavyComp.insertManyItems(int) with args: [186] in 0 ms
16:16:57.642 [main] INFO aspectj.j.example.TraceAspect -- Executed method: int aspectj.j.example.HeavyComp.insertManyItems(int) with args: [7812] in 385 ms
16:16:57.698 [main] INFO aspectj.j.example.TraceAspect -- Executed method: int aspectj.j.example.HeavyComp.insertManyItems(int) with args: [2966] in 55 ms
16:16:57.734 [main] INFO aspectj.j.example.TraceAspect -- Executed method: int aspectj.j.example.HeavyComp.insertManyItems(int) with args: [2372] in 36 ms
16:16:57.877 [main] INFO aspectj.j.example.TraceAspect -- Executed method: int aspectj.j.example.HeavyComp.insertManyItems(int) with args: [4751] in 143 ms
16:16:58.454 [main] INFO aspectj.j.example.TraceAspect -- Executed method: int aspectj.j.example.HeavyComp.insertManyItems(int) with args: [9548] in 577 ms
16:16:58.962 [main] INFO aspectj.j.example.TraceAspect -- Executed method: int aspectj.j.example.HeavyComp.insertManyItems(int) with args: [8988] in 508 ms
16:16:59.011 [main] INFO aspectj.j.example.TraceAspect -- Executed method: int aspectj.j.example.HeavyComp.insertManyItems(int) with args: [2768] in 49 ms
16:16:59.308 [main] INFO aspectj.j.example.TraceAspect -- Executed method: int aspectj.j.example.HeavyComp.insertManyItems(int) with args: [6859] in 297 ms
16:16:59.698 [main] INFO aspectj.j.example.TraceAspect -- Executed method: int aspectj.j.example.HeavyComp.insertManyItems(int) with args: [7868] in 390 ms
16:16:59.714 [main] INFO aspectj.j.example.TraceAspect -- Executed method: int aspectj.j.example.HeavyComp.insertManyItems(int) with args: [1553] in 16 ms
16:17:00.075 [main] INFO aspectj.j.example.TraceAspect -- Executed method: int aspectj.j.example.HeavyComp.insertManyItems(int) with args: [7580] in 361 ms
16:17:00.193 [main] INFO aspectj.j.example.TraceAspect -- Executed method: int aspectj.j.example.HeavyComp.insertManyItems(int) with args: [4320] in 117 ms
16:17:00.581 [main] INFO aspectj.j.example.TraceAspect -- Executed method: int aspectj.j.example.HeavyComp.insertManyItems(int) with args: [7844] in 387 ms
16:17:00.753 [main] INFO aspectj.j.example.TraceAspect -- Executed method: int aspectj.j.example.HeavyComp.insertManyItems(int) with args: [5222] in 172 ms
16:17:00.756 [main] INFO aspectj.j.example.TraceAspect -- Executed method: int aspectj.j.example.HeavyComp.insertManyItems(int) with args: [659] in 3 ms
16:17:00.835 [main] INFO aspectj.j.example.TraceAspect -- Executed method: int aspectj.j.example.HeavyComp.insertManyItems(int) with args: [3535] in 79 ms
16:17:01.174 [main] INFO aspectj.j.example.TraceAspect -- Executed method: int aspectj.j.example.HeavyComp.insertManyItems(int) with args: [7328] in 339 ms
16:17:01.218 [main] INFO aspectj.j.example.TraceAspect -- Executed method: int aspectj.j.example.HeavyComp.insertManyItems(int) with args: [2654] in 44 ms
16:17:01.581 [main] INFO aspectj.j.example.TraceAspect -- Executed method: int aspectj.j.example.HeavyComp.insertManyItems(int) with args: [7680] in 362 ms
16:17:01.631 [main] INFO aspectj.j.example.TraceAspect -- Executed method: int aspectj.j.example.HeavyComp.insertManyItems(int) with args: [2872] in 50 ms
16:17:01.651 [main] INFO aspectj.j.example.TraceAspect -- Executed method: int aspectj.j.example.HeavyComp.insertManyItems(int) with args: [1775] in 19 ms
16:17:01.679 [main] INFO aspectj.j.example.TraceAspect -- Executed method: int aspectj.j.example.HeavyComp.insertManyItems(int) with args: [2141] in 28 ms
16:17:02.250 [main] INFO aspectj.j.example.TraceAspect -- Executed method: int aspectj.j.example.HeavyComp.insertManyItems(int) with args: [9674] in 571 ms
16:17:02.268 [main] INFO aspectj.j.example.TraceAspect -- Executed method: int aspectj.j.example.HeavyComp.insertManyItems(int) with args: [1722] in 18 ms
16:17:02.451 [main] INFO aspectj.j.example.TraceAspect -- Executed method: int aspectj.j.example.HeavyComp.insertManyItems(int) with args: [5466] in 183 ms
16:17:02.872 [main] INFO aspectj.j.example.TraceAspect -- Executed method: int aspectj.j.example.HeavyComp.insertManyItems(int) with args: [8299] in 421 ms
16:17:03.384 [main] INFO aspectj.j.example.TraceAspect -- Executed method: int aspectj.j.example.HeavyComp.insertManyItems(int) with args: [9158] in 512 ms
16:17:03.392 [main] INFO aspectj.j.example.TraceAspect -- Executed method: int aspectj.j.example.HeavyComp.insertManyItems(int) with args: [1065] in 7 ms
16:17:03.830 [main] INFO aspectj.j.example.TraceAspect -- Executed method: int aspectj.j.example.HeavyComp.insertManyItems(int) with args: [8461] in 438 ms
16:17:03.850 [main] INFO aspectj.j.example.TraceAspect -- Executed method: int aspectj.j.example.HeavyComp.insertManyItems(int) with args: [1820] in 20 ms
16:17:04.070 [main] INFO aspectj.j.example.TraceAspect -- Executed method: int aspectj.j.example.HeavyComp.insertManyItems(int) with args: [5975] in 219 ms
16:17:04.087 [main] INFO aspectj.j.example.TraceAspect -- Executed method: int aspectj.j.example.HeavyComp.insertManyItems(int) with args: [1688] in 17 ms
16:17:04.417 [main] INFO aspectj.j.example.TraceAspect -- Executed method: int aspectj.j.example.HeavyComp.insertManyItems(int) with args: [7305] in 330 ms
16:17:04.418 [main] INFO aspectj.j.example.TraceAspect -- Executed method: int aspectj.j.example.HeavyComp.insertManyItems(int) with args: [397] in 1 ms
16:17:04.770 [main] INFO aspectj.j.example.TraceAspect -- Executed method: int aspectj.j.example.HeavyComp.insertManyItems(int) with args: [7521] in 352 ms
16:17:04.864 [main] INFO aspectj.j.example.TraceAspect -- Executed method: int aspectj.j.example.HeavyComp.insertManyItems(int) with args: [3855] in 94 ms
16:17:04.873 [main] INFO aspectj.j.example.TraceAspect -- Executed method: int aspectj.j.example.HeavyComp.insertManyItems(int) with args: [1159] in 9 ms
16:17:05.483 [main] INFO aspectj.j.example.TraceAspect -- Executed method: int aspectj.j.example.HeavyComp.insertManyItems(int) with args: [9789] in 610 ms
16:17:05.947 [main] INFO aspectj.j.example.TraceAspect -- Executed method: int aspectj.j.example.HeavyComp.insertManyItems(int) with args: [8731] in 464 ms
16:17:06.493 [main] INFO aspectj.j.example.TraceAspect -- Executed method: int aspectj.j.example.HeavyComp.insertManyItems(int) with args: [9375] in 546 ms
16:17:06.496 [main] INFO aspectj.j.example.TraceAspect -- Executed method: int aspectj.j.example.HeavyComp.insertManyItems(int) with args: [551] in 2 ms
16:17:06.496 [main] INFO aspectj.j.example.TraceAspect -- Executed method: int aspectj.j.example.HeavyComp.insertManyItems(int) with args: [321] in 0 ms
16:17:06.497 [main] INFO aspectj.j.example.TraceAspect -- Executed method: int aspectj.j.example.HeavyComp.insertManyItems(int) with args: [321] in 1 ms
16:17:06.891 [main] INFO aspectj.j.example.TraceAspect -- Executed method: int aspectj.j.example.HeavyComp.insertManyItems(int) with args: [7947] in 394 ms
16:17:06.922 [main] INFO aspectj.j.example.TraceAspect -- Executed method: int aspectj.j.example.HeavyComp.insertManyItems(int) with args: [2180] in 30 ms
16:17:06.923 [main] INFO aspectj.j.example.TraceAspect -- Executed method: int aspectj.j.example.HeavyComp.insertManyItems(int) with args: [444] in 1 ms
16:17:07.334 [main] INFO aspectj.j.example.TraceAspect -- Executed method: int aspectj.j.example.HeavyComp.insertManyItems(int) with args: [8070] in 411 ms
16:17:07.364 [main] INFO aspectj.j.example.TraceAspect -- Executed method: int aspectj.j.example.HeavyComp.insertManyItems(int) with args: [2171] in 30 ms
16:17:07.527 [main] INFO aspectj.j.example.TraceAspect -- Executed method: int aspectj.j.example.HeavyComp.insertManyItems(int) with args: [5088] in 163 ms
16:17:08.143 [main] INFO aspectj.j.example.TraceAspect -- Executed method: int aspectj.j.example.HeavyComp.insertManyItems(int) with args: [9889] in 615 ms
16:17:08.189 [main] INFO aspectj.j.example.TraceAspect -- Executed method: int aspectj.j.example.HeavyComp.insertManyItems(int) with args: [2707] in 46 ms
16:17:08.815 [main] INFO aspectj.j.example.TraceAspect -- Executed method: int aspectj.j.example.HeavyComp.insertManyItems(int) with args: [9967] in 625 ms
16:17:08.892 [main] INFO aspectj.j.example.TraceAspect -- Executed method: int aspectj.j.example.HeavyComp.insertManyItems(int) with args: [3499] in 77 ms
16:17:09.051 [main] INFO aspectj.j.example.TraceAspect -- Executed method: int aspectj.j.example.HeavyComp.insertManyItems(int) with args: [5010] in 159 ms
16:17:09.199 [main] INFO aspectj.j.example.TraceAspect -- Executed method: int aspectj.j.example.HeavyComp.insertManyItems(int) with args: [4829] in 148 ms
16:17:09.376 [main] INFO aspectj.j.example.TraceAspect -- Executed method: int aspectj.j.example.HeavyComp.insertManyItems(int) with args: [5287] in 177 ms
16:17:09.965 [main] INFO aspectj.j.example.TraceAspect -- Executed method: int aspectj.j.example.HeavyComp.insertManyItems(int) with args: [9793] in 589 ms
16:17:10.263 [main] INFO aspectj.j.example.TraceAspect -- Executed method: int aspectj.j.example.HeavyComp.insertManyItems(int) with args: [6990] in 298 ms
16:17:10.729 [main] INFO aspectj.j.example.TraceAspect -- Executed method: int aspectj.j.example.HeavyComp.insertManyItems(int) with args: [8730] in 465 ms
16:17:11.184 [main] INFO aspectj.j.example.TraceAspect -- Executed method: int aspectj.j.example.HeavyComp.insertManyItems(int) with args: [8628] in 455 ms
16:17:11.294 [main] INFO aspectj.j.example.TraceAspect -- Executed method: int aspectj.j.example.HeavyComp.insertManyItems(int) with args: [4236] in 110 ms
16:17:11.333 [main] INFO aspectj.j.example.TraceAspect -- Executed method: int aspectj.j.example.HeavyComp.insertManyItems(int) with args: [2544] in 39 ms
16:17:11.724 [main] INFO aspectj.j.example.TraceAspect -- Executed method: int aspectj.j.example.HeavyComp.insertManyItems(int) with args: [8006] in 390 ms
16:17:11.807 [main] INFO aspectj.j.example.TraceAspect -- Executed method: int aspectj.j.example.HeavyComp.insertManyItems(int) with args: [3676] in 82 ms
16:17:11.929 [main] INFO aspectj.j.example.TraceAspect -- Executed method: int aspectj.j.example.HeavyComp.insertManyItems(int) with args: [4451] in 122 ms
16:17:12.267 [main] INFO aspectj.j.example.TraceAspect -- Executed method: int aspectj.j.example.HeavyComp.insertManyItems(int) with args: [7441] in 338 ms
16:17:12.291 [main] INFO aspectj.j.example.TraceAspect -- Executed method: int aspectj.j.example.HeavyComp.insertManyItems(int) with args: [1969] in 24 ms
16:17:12.444 [main] INFO aspectj.j.example.TraceAspect -- Executed method: int aspectj.j.example.HeavyComp.insertManyItems(int) with args: [4983] in 153 ms
16:17:12.573 [main] INFO aspectj.j.example.TraceAspect -- Executed method: int aspectj.j.example.HeavyComp.insertManyItems(int) with args: [4599] in 129 ms
16:17:12.805 [main] INFO aspectj.j.example.TraceAspect -- Executed method: int aspectj.j.example.HeavyComp.insertManyItems(int) with args: [6154] in 232 ms
16:17:12.834 [main] INFO aspectj.j.example.TraceAspect -- Executed method: int aspectj.j.example.HeavyComp.insertManyItems(int) with args: [2141] in 28 ms
16:17:12.861 [main] INFO aspectj.j.example.TraceAspect -- Executed method: int aspectj.j.example.HeavyComp.insertManyItems(int) with args: [2079] in 27 ms
16:17:12.983 [main] INFO aspectj.j.example.TraceAspect -- Executed method: int aspectj.j.example.HeavyComp.insertManyItems(int) with args: [4453] in 122 ms
16:17:13.012 [main] INFO aspectj.j.example.TraceAspect -- Executed method: int aspectj.j.example.HeavyComp.insertManyItems(int) with args: [2127] in 29 ms
16:17:13.101 [main] INFO aspectj.j.example.TraceAspect -- Executed method: int aspectj.j.example.HeavyComp.insertManyItems(int) with args: [3770] in 89 ms
16:17:13.219 [main] INFO aspectj.j.example.TraceAspect -- Executed method: int aspectj.j.example.HeavyComp.insertManyItems(int) with args: [4321] in 118 ms
16:17:13.233 [main] INFO aspectj.j.example.TraceAspect -- Executed method: int aspectj.j.example.HeavyComp.insertManyItems(int) with args: [1493] in 14 ms
16:17:13.374 [main] INFO aspectj.j.example.TraceAspect -- Executed method: int aspectj.j.example.HeavyComp.insertManyItems(int) with args: [4735] in 141 ms
16:17:13.590 [main] INFO aspectj.j.example.TraceAspect -- Executed method: int aspectj.j.example.HeavyComp.insertManyItems(int) with args: [5858] in 216 ms
16:17:13.595 [main] INFO aspectj.j.example.TraceAspect -- Executed method: int aspectj.j.example.HeavyComp.insertManyItems(int) with args: [836] in 5 ms
16:17:14.099 [main] INFO aspectj.j.example.TraceAspect -- Executed method: int aspectj.j.example.HeavyComp.insertManyItems(int) with args: [8964] in 504 ms
16:17:14.570 [main] INFO aspectj.j.example.TraceAspect -- Executed method: int aspectj.j.example.HeavyComp.insertManyItems(int) with args: [8647] in 471 ms
16:17:14.684 [main] INFO aspectj.j.example.TraceAspect -- Executed method: int aspectj.j.example.HeavyComp.insertManyItems(int) with args: [4298] in 114 ms
16:17:14.880 [main] INFO aspectj.j.example.TraceAspect -- Executed method: int aspectj.j.example.HeavyComp.insertManyItems(int) with args: [5580] in 195 ms
16:17:14.885 [main] INFO aspectj.j.example.TraceAspect -- Executed method: int aspectj.j.example.HeavyComp.insertManyItems(int) with args: [862] in 5 ms
16:17:15.121 [main] INFO aspectj.j.example.TraceAspect -- Executed method: int aspectj.j.example.HeavyComp.insertManyItems(int) with args: [6113] in 235 ms
16:17:15.693 [main] INFO aspectj.j.example.TraceAspect -- Executed method: int aspectj.j.example.HeavyComp.insertManyItems(int) with args: [9584] in 571 ms
16:17:15.931 [main] INFO aspectj.j.example.TraceAspect -- Executed method: int aspectj.j.example.HeavyComp.insertManyItems(int) with args: [6152] in 238 ms
16:17:16.200 [main] INFO aspectj.j.example.TraceAspect -- Executed method: int aspectj.j.example.HeavyComp.insertManyItems(int) with args: [6542] in 269 ms
16:17:16.602 [main] INFO aspectj.j.example.TraceAspect -- Executed method: int aspectj.j.example.HeavyComp.insertManyItems(int) with args: [8054] in 402 ms
16:17:16.610 [main] INFO aspectj.j.example.TraceAspect -- Executed method: int aspectj.j.example.HeavyComp.insertManyItems(int) with args: [1146] in 8 ms
16:17:16.848 [main] INFO aspectj.j.example.TraceAspect -- Executed method: int aspectj.j.example.HeavyComp.insertManyItems(int) with args: [6168] in 238 ms
16:17:16.915 [main] INFO aspectj.j.example.TraceAspect -- Executed method: int aspectj.j.example.HeavyComp.insertManyItems(int) with args: [3252] in 67 ms
16:17:16.999 [main] INFO aspectj.j.example.TraceAspect -- Executed method: int aspectj.j.example.HeavyComp.insertManyItems(int) with args: [3661] in 84 ms
16:17:17.138 [main] INFO aspectj.j.example.TraceAspect -- Executed method: int aspectj.j.example.HeavyComp.insertManyItems(int) with args: [4647] in 139 ms
16:17:17.585 [main] INFO aspectj.j.example.TraceAspect -- Executed method: int aspectj.j.example.HeavyComp.insertManyItems(int) with args: [8440] in 447 ms
16:17:17.942 [main] INFO aspectj.j.example.TraceAspect -- Executed method: int aspectj.j.example.HeavyComp.insertManyItems(int) with args: [7563] in 357 ms
16:17:18.106 [main] INFO aspectj.j.example.TraceAspect -- Executed method: int aspectj.j.example.HeavyComp.insertManyItems(int) with args: [5101] in 164 ms
16:17:18.312 [main] INFO aspectj.j.example.TraceAspect -- Executed method: int aspectj.j.example.HeavyComp.insertManyItems(int) with args: [5720] in 205 ms
16:17:18.809 [main] INFO aspectj.j.example.TraceAspect -- Executed method: int aspectj.j.example.HeavyComp.insertManyItems(int) with args: [8962] in 497 ms
16:17:18.955 [main] INFO aspectj.j.example.TraceAspect -- Executed method: int aspectj.j.example.HeavyComp.insertManyItems(int) with args: [4843] in 146 ms
16:17:19.523 [main] INFO aspectj.j.example.TraceAspect -- Executed method: int aspectj.j.example.HeavyComp.insertManyItems(int) with args: [9548] in 568 ms
16:17:19.851 [main] INFO aspectj.j.example.TraceAspect -- Executed method: int aspectj.j.example.HeavyComp.insertManyItems(int) with args: [7283] in 328 ms
16:17:19.961 [main] INFO aspectj.j.example.TraceAspect -- Executed method: int aspectj.j.example.HeavyComp.insertManyItems(int) with args: [4182] in 110 ms
16:17:20.087 [main] INFO aspectj.j.example.TraceAspect -- Executed method: int aspectj.j.example.HeavyComp.insertManyItems(int) with args: [4459] in 125 ms
16:17:20.685 [main] INFO aspectj.j.example.TraceAspect -- Executed method: int aspectj.j.example.HeavyComp.insertManyItems(int) with args: [9823] in 598 ms
16:17:20.717 [main] INFO aspectj.j.example.TraceAspect -- Executed method: int aspectj.j.example.HeavyComp.insertManyItems(int) with args: [2281] in 32 ms
16:17:20.790 [main] INFO aspectj.j.example.TraceAspect -- Executed method: int aspectj.j.example.HeavyComp.insertManyItems(int) with args: [3422] in 72 ms
16:17:20.888 [main] INFO aspectj.j.example.TraceAspect -- Executed method: int aspectj.j.example.HeavyComp.insertManyItems(int) with args: [3928] in 97 ms
16:17:20.994 [main] INFO aspectj.j.example.TraceAspect -- Executed method: int aspectj.j.example.HeavyComp.insertManyItems(int) with args: [4109] in 106 ms
16:17:21.085 [main] INFO aspectj.j.example.TraceAspect -- Executed method: int aspectj.j.example.HeavyComp.insertManyItems(int) with args: [3792] in 91 ms
16:17:21.087 [main] INFO aspectj.j.example.TraceAspect -- Executed method: int aspectj.j.example.HeavyComp.insertManyItems(int) with args: [624] in 2 ms
16:17:21.269 [main] INFO aspectj.j.example.TraceAspect -- Executed method: int aspectj.j.example.HeavyComp.insertManyItems(int) with args: [5373] in 182 ms
16:17:21.285 [main] INFO aspectj.j.example.TraceAspect -- Executed method: int aspectj.j.example.HeavyComp.insertManyItems(int) with args: [1584] in 16 ms
16:17:21.473 [main] INFO aspectj.j.example.TraceAspect -- Executed method: int aspectj.j.example.HeavyComp.insertManyItems(int) with args: [5470] in 188 ms
16:17:21.775 [main] INFO aspectj.j.example.TraceAspect -- Executed method: int aspectj.j.example.HeavyComp.insertManyItems(int) with args: [6932] in 302 ms
16:17:21.858 [main] INFO aspectj.j.example.TraceAspect -- Executed method: int aspectj.j.example.HeavyComp.insertManyItems(int) with args: [3628] in 83 ms
16:17:21.980 [main] INFO aspectj.j.example.TraceAspect -- Executed method: int aspectj.j.example.HeavyComp.insertManyItems(int) with args: [4408] in 122 ms
16:17:22.491 [main] INFO aspectj.j.example.TraceAspect -- Executed method: int aspectj.j.example.HeavyComp.insertManyItems(int) with args: [9069] in 511 ms
16:17:22.508 [main] INFO aspectj.j.example.TraceAspect -- Executed method: int aspectj.j.example.HeavyComp.insertManyItems(int) with args: [1628] in 17 ms
16:17:22.718 [main] INFO aspectj.j.example.TraceAspect -- Executed method: int aspectj.j.example.HeavyComp.insertManyItems(int) with args: [5782] in 210 ms
16:17:23.016 [main] INFO aspectj.j.example.TraceAspect -- Executed method: int aspectj.j.example.HeavyComp.insertManyItems(int) with args: [6910] in 298 ms
16:17:23.581 [main] INFO aspectj.j.example.TraceAspect -- Executed method: int aspectj.j.example.HeavyComp.insertManyItems(int) with args: [9562] in 565 ms
16:17:23.678 [main] INFO aspectj.j.example.TraceAspect -- Executed method: int aspectj.j.example.HeavyComp.insertManyItems(int) with args: [3980] in 97 ms
16:17:24.248 [main] INFO aspectj.j.example.TraceAspect -- Executed method: int aspectj.j.example.HeavyComp.insertManyItems(int) with args: [9578] in 570 ms
16:17:24.249 [main] INFO aspectj.j.example.TraceAspect -- Executed method: int aspectj.j.example.HeavyComp.insertManyItems(int) with args: [251] in 1 ms
16:17:24.634 [main] INFO aspectj.j.example.TraceAspect -- Executed method: int aspectj.j.example.HeavyComp.insertManyItems(int) with args: [7876] in 385 ms
16:17:24.810 [main] INFO aspectj.j.example.TraceAspect -- Executed method: int aspectj.j.example.HeavyComp.insertManyItems(int) with args: [5352] in 176 ms
16:17:25.350 [main] INFO aspectj.j.example.TraceAspect -- Executed method: int aspectj.j.example.HeavyComp.insertManyItems(int) with args: [9325] in 540 ms
16:17:25.666 [main] INFO aspectj.j.example.TraceAspect -- Executed method: int aspectj.j.example.HeavyComp.insertManyItems(int) with args: [7122] in 316 ms
16:17:26.160 [main] INFO aspectj.j.example.TraceAspect -- Executed method: int aspectj.j.example.HeavyComp.insertManyItems(int) with args: [8937] in 494 ms
16:17:26.289 [main] INFO aspectj.j.example.TraceAspect -- Executed method: int aspectj.j.example.HeavyComp.insertManyItems(int) with args: [4542] in 129 ms
16:17:26.522 [main] INFO aspectj.j.example.TraceAspect -- Executed method: int aspectj.j.example.HeavyComp.insertManyItems(int) with args: [6098] in 233 ms
16:17:26.906 [main] INFO aspectj.j.example.TraceAspect -- Executed method: int aspectj.j.example.HeavyComp.insertManyItems(int) with args: [7833] in 383 ms
16:17:27.015 [main] INFO aspectj.j.example.TraceAspect -- Executed method: int aspectj.j.example.HeavyComp.insertManyItems(int) with args: [4208] in 109 ms
16:17:27.347 [main] INFO aspectj.j.example.TraceAspect -- Executed method: int aspectj.j.example.HeavyComp.insertManyItems(int) with args: [7269] in 332 ms
16:17:27.662 [main] INFO aspectj.j.example.TraceAspect -- Executed method: int aspectj.j.example.HeavyComp.insertManyItems(int) with args: [7075] in 315 ms
16:17:28.143 [main] INFO aspectj.j.example.TraceAspect -- Executed method: int aspectj.j.example.HeavyComp.insertManyItems(int) with args: [8860] in 481 ms
16:17:28.427 [main] INFO aspectj.j.example.TraceAspect -- Executed method: int aspectj.j.example.HeavyComp.insertManyItems(int) with args: [6749] in 284 ms
16:17:28.726 [main] INFO aspectj.j.example.TraceAspect -- Executed method: int aspectj.j.example.HeavyComp.insertManyItems(int) with args: [6914] in 298 ms
16:17:29.023 [main] INFO aspectj.j.example.TraceAspect -- Executed method: int aspectj.j.example.HeavyComp.insertManyItems(int) with args: [6949] in 297 ms
16:17:29.370 [main] INFO aspectj.j.example.TraceAspect -- Executed method: int aspectj.j.example.HeavyComp.insertManyItems(int) with args: [7456] in 347 ms
16:17:29.568 [main] INFO aspectj.j.example.TraceAspect -- Executed method: int aspectj.j.example.HeavyComp.insertManyItems(int) with args: [5662] in 198 ms
16:17:29.960 [main] INFO aspectj.j.example.TraceAspect -- Executed method: int aspectj.j.example.HeavyComp.insertManyItems(int) with args: [7900] in 392 ms
16:17:30.494 [main] INFO aspectj.j.example.TraceAspect -- Executed method: int aspectj.j.example.HeavyComp.insertManyItems(int) with args: [9256] in 534 ms
16:17:30.625 [main] INFO aspectj.j.example.TraceAspect -- Executed method: int aspectj.j.example.HeavyComp.insertManyItems(int) with args: [4601] in 130 ms
16:17:30.872 [main] INFO aspectj.j.example.TraceAspect -- Executed method: int aspectj.j.example.HeavyComp.insertManyItems(int) with args: [6160] in 247 ms
16:17:30.900 [main] INFO aspectj.j.example.TraceAspect -- Executed method: int aspectj.j.example.HeavyComp.insertManyItems(int) with args: [2076] in 28 ms
16:17:30.977 [main] INFO aspectj.j.example.TraceAspect -- Executed method: int aspectj.j.example.HeavyComp.insertManyItems(int) with args: [3451] in 77 ms
16:17:31.115 [main] INFO aspectj.j.example.TraceAspect -- Executed method: int aspectj.j.example.HeavyComp.insertManyItems(int) with args: [4636] in 138 ms
16:17:31.233 [main] INFO aspectj.j.example.TraceAspect -- Executed method: int aspectj.j.example.HeavyComp.insertManyItems(int) with args: [4318] in 118 ms
16:17:31.272 [main] INFO aspectj.j.example.TraceAspect -- Executed method: int aspectj.j.example.HeavyComp.insertManyItems(int) with args: [2495] in 39 ms
16:17:31.523 [main] INFO aspectj.j.example.TraceAspect -- Executed method: int aspectj.j.example.HeavyComp.insertManyItems(int) with args: [6314] in 251 ms
16:17:31.716 [main] INFO aspectj.j.example.TraceAspect -- Executed method: int aspectj.j.example.HeavyComp.insertManyItems(int) with args: [5543] in 193 ms
16:17:31.916 [main] INFO aspectj.j.example.TraceAspect -- Executed method: int aspectj.j.example.HeavyComp.insertManyItems(int) with args: [5635] in 200 ms
16:17:32.075 [main] INFO aspectj.j.example.TraceAspect -- Executed method: int aspectj.j.example.HeavyComp.insertManyItems(int) with args: [5027] in 159 ms
16:17:32.223 [main] INFO aspectj.j.example.TraceAspect -- Executed method: int aspectj.j.example.HeavyComp.insertManyItems(int) with args: [4846] in 148 ms
16:17:32.555 [main] INFO aspectj.j.example.TraceAspect -- Executed method: int aspectj.j.example.HeavyComp.insertManyItems(int) with args: [7269] in 332 ms
16:17:32.560 [main] INFO aspectj.j.example.TraceAspect -- Executed method: int aspectj.j.example.HeavyComp.insertManyItems(int) with args: [858] in 5 ms
16:17:32.748 [main] INFO aspectj.j.example.TraceAspect -- Executed method: int aspectj.j.example.HeavyComp.insertManyItems(int) with args: [5470] in 188 ms
16:17:32.753 [main] INFO aspectj.j.example.TraceAspect -- Executed method: int aspectj.j.example.HeavyComp.insertManyItems(int) with args: [950] in 5 ms
16:17:32.784 [main] INFO aspectj.j.example.TraceAspect -- Executed method: int aspectj.j.example.HeavyComp.insertManyItems(int) with args: [2184] in 30 ms
16:17:32.797 [main] INFO aspectj.j.example.TraceAspect -- Executed method: int aspectj.j.example.HeavyComp.insertManyItems(int) with args: [1453] in 13 ms
16:17:32.799 [main] INFO aspectj.j.example.TraceAspect -- Executed method: int aspectj.j.example.HeavyComp.insertManyItems(int) with args: [585] in 2 ms
16:17:32.978 [main] INFO aspectj.j.example.TraceAspect -- Executed method: int aspectj.j.example.HeavyComp.insertManyItems(int) with args: [5334] in 179 ms
16:17:33.009 [main] INFO aspectj.j.example.TraceAspect -- Executed method: int aspectj.j.example.HeavyComp.insertManyItems(int) with args: [2214] in 30 ms
16:17:33.023 [main] INFO aspectj.j.example.TraceAspect -- Executed method: int aspectj.j.example.HeavyComp.insertManyItems(int) with args: [1483] in 14 ms
16:17:33.397 [main] INFO aspectj.j.example.TraceAspect -- Executed method: int aspectj.j.example.HeavyComp.insertManyItems(int) with args: [7738] in 374 ms
16:17:33.952 [main] INFO aspectj.j.example.TraceAspect -- Executed method: int aspectj.j.example.HeavyComp.insertManyItems(int) with args: [9460] in 554 ms
16:17:34.204 [main] INFO aspectj.j.example.TraceAspect -- Executed method: int aspectj.j.example.HeavyComp.insertManyItems(int) with args: [6394] in 252 ms
]]></system-out>
  </testcase>
</testsuite>