<?xml version="1.0" encoding="UTF-8"?>
<testsuite xmlns:xsi="http://www.w3.org/2001/XMLSchema-instance" xsi:noNamespaceSchemaLocation="https://maven.apache.org/surefire/maven-surefire-plugin/xsd/surefire-test-report-3.0.xsd" version="3.0" name="test2.asp.HeavyCompTest" time="2.849" tests="1" errors="0" skipped="0" failures="0">
  <properties>
[...]
</properties>
  <testcase name="stressInsertManyItems" classname="test2.asp.HeavyCompTest" time="2.838">
    <system-out><![CDATA[15:32:22.650 [main] INFO aspectj.j.example.TraceAspect -- TraceAspect initialized
15:32:22.881 [main] INFO aspectj.j.example.TraceAspect -- Executed method: int aspectj.j.example.HeavyComp.insertManyItems(int) with args: [8226] in 229 ms
15:32:23.183 [main] INFO aspectj.j.example.TraceAspect -- Executed method: int aspectj.j.example.HeavyComp.insertManyItems(int) with args: [9664] in 288 ms
15:32:23.195 [main] INFO aspectj.j.example.TraceAspect -- Executed method: int aspectj.j.example.HeavyComp.insertManyItems(int) with args: [3510] in 11 ms
15:32:23.322 [main] INFO aspectj.j.example.TraceAspect -- Executed method: int aspectj.j.example.HeavyComp.insertManyItems(int) with args: [6889] in 127 ms
15:32:23.332 [main] INFO aspectj.j.example.TraceAspect -- Executed method: int aspectj.j.example.HeavyComp.insertManyItems(int) with args: [1756] in 10 ms
15:32:23.352 [main] INFO aspectj.j.example.TraceAspect -- Executed method: int aspectj.j.example.HeavyComp.insertManyItems(int) with args: [2532] in 20 ms
15:32:23.356 [main] INFO aspectj.j.example.TraceAspect -- Executed method: int aspectj.j.example.HeavyComp.insertManyItems(int) with args: [1025] in 4 ms
15:32:23.363 [main] INFO aspectj.j.example.TraceAspect -- Executed method: int aspectj.j.example.HeavyComp.insertManyItems(int) with args: [1527] in 7 ms
15:32:23.596 [main] INFO aspectj.j.example.TraceAspect -- Executed method: int aspectj.j.example.HeavyComp.insertManyItems(int) with args: [8422] in 233 ms
15:32:23.602 [main] INFO aspectj.j.example.TraceAspect -- Executed method: int aspectj.j.example.HeavyComp.insertManyItems(int) with args: [1395] in 6 ms
15:32:23.603 [main] INFO aspectj.j.example.TraceAspect -- Executed method: int aspectj.j.example.HeavyComp.insertManyItems(int) with args: [254] in 0 ms
15:32:23.603 [main] INFO aspectj.j.example.TraceAspect -- Executed method: int aspectj.j.example.HeavyComp.insertManyItems(int) with args: [254] in 0 ms
15:32:23.603 [main] INFO aspectj.j.example.TraceAspect -- Executed method: int aspectj.j.example.HeavyComp.insertManyItems(int) with args: [254] in 0 ms
15:32:23.827 [main] INFO aspectj.j.example.TraceAspect -- Executed method: int aspectj.j.example.HeavyComp.insertManyItems(int) with args: [8382] in 223 ms
15:32:23.850 [main] INFO aspectj.j.example.TraceAspect -- Executed method: int aspectj.j.example.HeavyComp.insertManyItems(int) with args: [2659] in 23 ms
15:32:23.864 [main] INFO aspectj.j.example.TraceAspect -- Executed method: int aspectj.j.example.HeavyComp.insertManyItems(int) with args: [2064] in 14 ms
15:32:23.955 [main] INFO aspectj.j.example.TraceAspect -- Executed method: int aspectj.j.example.HeavyComp.insertManyItems(int) with args: [5307] in 91 ms
15:32:24.026 [main] INFO aspectj.j.example.TraceAspect -- Executed method: int aspectj.j.example.HeavyComp.insertManyItems(int) with args: [4717] in 70 ms
15:32:24.229 [main] INFO aspectj.j.example.TraceAspect -- Executed method: int aspectj.j.example.HeavyComp.insertManyItems(int) with args: [8003] in 203 ms
15:32:24.266 [main] INFO aspectj.j.example.TraceAspect -- Executed method: int aspectj.j.example.HeavyComp.insertManyItems(int) with args: [3351] in 36 ms
15:32:24.462 [main] INFO aspectj.j.example.TraceAspect -- Executed method: int aspectj.j.example.HeavyComp.insertManyItems(int) with args: [7871] in 196 ms
15:32:24.607 [main] INFO aspectj.j.example.TraceAspect -- Executed method: int aspectj.j.example.HeavyComp.insertManyItems(int) with args: [6760] in 145 ms
15:32:24.733 [main] INFO aspectj.j.example.TraceAspect -- Executed method: int aspectj.j.example.HeavyComp.insertManyItems(int) with args: [6307] in 126 ms
15:32:24.756 [main] INFO aspectj.j.example.TraceAspect -- Executed method: int aspectj.j.example.HeavyComp.insertManyItems(int) with args: [2611] in 22 ms
15:32:24.758 [main] INFO aspectj.j.example.TraceAspect -- Executed method: int aspectj.j.example.HeavyComp.insertManyItems(int) with args: [875] in 2 ms
15:32:24.860 [main] INFO aspectj.j.example.TraceAspect -- Executed method: int aspectj.j.example.HeavyComp.insertManyItems(int) with args: [5624] in 102 ms
15:32:24.980 [main] INFO aspectj.j.example.TraceAspect -- Executed method: int aspectj.j.example.HeavyComp.insertManyItems(int) with args: [6102] in 120 ms
15:32:25.240 [main] INFO aspectj.j.example.TraceAspect -- Executed method: int aspectj.j.example.HeavyComp.insertManyItems(int) with args: [9027] in 260 ms
15:32:25.414 [main] INFO aspectj.j.example.TraceAspect -- Executed method: int aspectj.j.example.HeavyComp.insertManyItems(int) with args: [7388] in 174 ms
15:32:25.425 [main] INFO aspectj.j.example.TraceAspect -- Executed method: int aspectj.j.example.HeavyComp.insertManyItems(int) with args: [1797] in 10 ms
]]></system-out>
  </testcase>
</testsuite>